Time	Zone	Year	Mark	Status
2019-02-13 11:12:06	EST	2016	:	opened
2019-02-13 11:13:09	EST	2016	:	preprocessed
2019-02-13 11:15:54	EST	2016	:	divided
2019-02-13 11:17:23	EST	2016	:	treated
2019-02-13 11:17:24	EST	2016	:	swiss-adjusted
2019-02-13 11:19:26	EST	2016	:	M-paired
2019-02-13 11:21:10	EST	2016	:	X-paired
2019-02-13 11:42:02	EST	2016	:	HK-adjusted
2019-02-13 11:48:01	EST	2016	|	uploaded Comtrade-2016-M-matched.csv.bz2
2019-02-13 11:49:08	EST	2016	|	uploaded Comtrade-2016-M-orphaned.csv.bz2
2019-02-13 11:50:56	EST	2016	|	uploaded Comtrade-2016-M-matched-q.csv.bz2
2019-02-13 11:53:27	EST	2016	|	uploaded Comtrade-2016-X-matched.csv.bz2
2019-02-13 11:54:18	EST	2016	|	uploaded Comtrade-2016-X-orphaned.csv.bz2
2019-02-13 11:56:20	EST	2016	|	uploaded Comtrade-2016-X-matched-q.csv.bz2
2019-02-13 11:57:11	EST	2016	|	uploaded Comtrade-2016-M-lost.csv.bz2
2019-02-13 11:58:18	EST	2016	|	uploaded Comtrade-2016-X-lost.csv.bz2
2019-02-13 19:43:39	EST	2015	:	opened
2019-02-13 19:44:40	EST	2015	:	preprocessed
2019-02-13 19:47:25	EST	2015	:	divided
2019-02-13 19:48:46	EST	2015	:	treated
2019-02-13 19:48:46	EST	2015	:	swiss-adjusted
2019-02-13 19:50:44	EST	2015	:	M-paired
2019-02-13 19:52:22	EST	2015	:	X-paired
2019-02-13 20:13:09	EST	2015	:	HK-adjusted
2019-02-13 20:19:23	EST	2015	|	uploaded Comtrade-2015-M-matched.csv.bz2
2019-02-13 20:20:57	EST	2015	|	uploaded Comtrade-2015-M-orphaned.csv.bz2
2019-02-13 20:23:01	EST	2015	|	uploaded Comtrade-2015-M-matched-q.csv.bz2
2019-02-13 20:25:36	EST	2015	|	uploaded Comtrade-2015-X-matched.csv.bz2
2019-02-13 20:26:28	EST	2015	|	uploaded Comtrade-2015-X-orphaned.csv.bz2
2019-02-13 20:28:20	EST	2015	|	uploaded Comtrade-2015-X-matched-q.csv.bz2
2019-02-13 20:29:36	EST	2015	|	uploaded Comtrade-2015-M-lost.csv.bz2
2019-02-13 20:30:45	EST	2015	|	uploaded Comtrade-2015-X-lost.csv.bz2
2019-02-13 23:57:42	EST	2014	:	opened
2019-02-13 23:58:40	EST	2014	:	preprocessed
2019-02-14 00:47:10	EST	2014	:	divided
2019-02-14 00:58:40	EST	2014	:	treated
2019-02-14 00:59:01	EST	2014	:	swiss-adjusted
2019-02-14 01:26:12	EST	2014	:	M-paired
2019-02-14 01:44:50	EST	2014	:	X-paired
2019-02-14 01:45:18	EST	2014	:	HK loaded
2019-02-14 01:45:21	EST	2014	:	HK prepared
2019-02-14 04:00:19	EST	2014	:	HK M-adjusted
2019-02-14 07:04:08	EST	2014	:	HK X-adjusted
2019-02-14 07:46:50	EST	2014	|	uploaded Comtrade-2014-M-matched.csv.bz2
2019-02-14 07:49:36	EST	2014	|	uploaded Comtrade-2014-M-orphaned.csv.bz2
2019-02-14 07:55:40	EST	2014	|	uploaded Comtrade-2014-M-matched-q.csv.bz2
2019-02-14 08:02:57	EST	2014	|	uploaded Comtrade-2014-X-matched.csv.bz2
2019-02-14 08:04:57	EST	2014	|	uploaded Comtrade-2014-X-orphaned.csv.bz2
2019-02-14 08:08:34	EST	2014	|	uploaded Comtrade-2014-X-matched-q.csv.bz2
2019-02-14 08:09:13	EST	2014	|	uploaded Comtrade-2014-M-lost.csv.bz2
2019-02-14 08:11:55	EST	2014	|	uploaded Comtrade-2014-X-lost.csv.bz2
2019-02-14 11:14:46	EST	2013	:	opened
2019-02-14 11:15:42	EST	2013	:	preprocessed
2019-02-14 11:18:36	EST	2013	:	divided
2019-02-14 11:20:11	EST	2013	:	treated
2019-02-14 11:20:12	EST	2013	:	swiss-adjusted
2019-02-14 11:22:18	EST	2013	:	M-paired
2019-02-14 11:24:51	EST	2013	:	X-paired
2019-02-14 11:24:55	EST	2013	:	HK prepared
2019-02-14 11:35:07	EST	2013	:	HK M-adjusted
2019-02-14 11:45:44	EST	2013	:	HK X-adjusted
2019-02-14 11:51:57	EST	2013	|	uploaded Comtrade-2013-M-matched.csv.bz2
2019-02-14 11:53:31	EST	2013	|	uploaded Comtrade-2013-M-orphaned.csv.bz2
2019-02-14 11:55:24	EST	2013	|	uploaded Comtrade-2013-M-matched-q.csv.bz2
2019-02-14 11:57:45	EST	2013	|	uploaded Comtrade-2013-X-matched.csv.bz2
2019-02-14 11:58:50	EST	2013	|	uploaded Comtrade-2013-X-orphaned.csv.bz2
2019-02-14 12:00:50	EST	2013	|	uploaded Comtrade-2013-X-matched-q.csv.bz2
2019-02-14 12:01:51	EST	2013	|	uploaded Comtrade-2013-M-lost.csv.bz2
2019-02-14 12:02:58	EST	2013	|	uploaded Comtrade-2013-X-lost.csv.bz2
2019-02-14 12:04:56	EST	2012	:	opened
2019-02-14 12:05:56	EST	2012	:	preprocessed
2019-02-14 12:10:41	EST	2012	:	divided
2019-02-14 12:13:51	EST	2012	:	treated
2019-02-14 12:13:51	EST	2012	:	swiss-adjusted
2019-02-14 12:16:52	EST	2012	:	M-paired
2019-02-14 12:19:56	EST	2012	:	X-paired
2019-02-14 12:20:00	EST	2012	:	HK prepared
2019-02-14 12:47:53	EST	2012	:	HK M-adjusted
2019-02-14 15:24:51	EST	2012	:	HK X-adjusted
2019-02-14 16:51:57	EST	2012	|	uploaded Comtrade-2012-M-matched.csv.bz2
2019-02-14 16:53:31	EST	2012	|	uploaded Comtrade-2012-M-orphaned.csv.bz2
2019-02-14 16:55:24	EST	2012	|	uploaded Comtrade-2012-M-matched-q.csv.bz2
2019-02-14 16:57:45	EST	2012	|	uploaded Comtrade-2012-X-matched.csv.bz2
2019-02-14 16:58:50	EST	2012	|	uploaded Comtrade-2012-X-orphaned.csv.bz2
2019-02-14 16:00:50	EST	2012	|	uploaded Comtrade-2012-X-matched-q.csv.bz2
2019-02-14 16:01:51	EST	2012	|	uploaded Comtrade-2012-M-lost.csv.bz2
2019-02-14 16:02:58	EST	2012	|	uploaded Comtrade-2012-X-lost.csv.bz2
2019-02-14 22:27:44	EST	2011	:	opened
2019-02-14 22:28:31	EST	2011	:	preprocessed
2019-02-14 22:30:40	EST	2011	:	divided
2019-02-14 22:37:48	EST	2011	:	treated
2019-02-14 22:38:16	EST	2011	:	swiss-adjusted
2019-02-14 22:59:01	EST	2011	:	M-paired
2019-02-14 23:22:47	EST	2011	:	X-paired
2019-02-14 23:23:30	EST	2011	:	HK prepared
2019-02-15 01:39:28	EST	2011	:	HK M-adjusted
2019-02-15 03:27:55	EST	2011	:	HK X-adjusted
2019-02-15 04:11:42	EST	2011	|	uploaded Comtrade-2011-M-matched.csv.bz2
2019-02-15 04:14:35	EST	2011	|	uploaded Comtrade-2011-M-orphaned.csv.bz2
2019-02-15 04:20:20	EST	2011	|	uploaded Comtrade-2011-M-matched-q.csv.bz2
2019-02-15 04:23:56	EST	2011	|	uploaded Comtrade-2011-X-matched.csv.bz2
2019-02-15 04:25:57	EST	2011	|	uploaded Comtrade-2011-X-orphaned.csv.bz2
2019-02-15 04:29:18	EST	2011	|	uploaded Comtrade-2011-X-matched-q.csv.bz2
2019-02-15 04:29:53	EST	2011	|	uploaded Comtrade-2011-M-lost.csv.bz2
2019-02-15 04:32:55	EST	2011	|	uploaded Comtrade-2011-X-lost.csv.bz2
2019-02-15 04:40:22	EST	2010	:	opened
2019-02-15 05:00:19	EST	2010	:	preprocessed
2019-02-15 05:56:01	EST	2010	:	divided
2019-02-15 06:27:31	EST	2010	:	treated
2019-02-15 06:27:34	EST	2010	:	swiss-adjusted
2019-02-15 06:59:16	EST	2010	:	M-paired
2019-02-15 07:31:09	EST	2010	:	X-paired
2019-02-15 07:32:06	EST	2010	:	HK prepared
2019-02-15 10:30:36	EST	2010	:	HK M-adjusted
2019-02-15 13:01:00	EST	2010	:	HK X-adjusted
2019-02-15 13:47:20	EST	2010	|	uploaded Comtrade-2010-M-matched.csv.bz2
2019-02-15 13:50:23	EST	2010	|	uploaded Comtrade-2010-M-orphaned.csv.bz2
2019-02-15 13:57:22	EST	2010	|	uploaded Comtrade-2010-M-matched-q.csv.bz2
2019-02-15 14:01:52	EST	2010	|	uploaded Comtrade-2010-X-matched.csv.bz2
2019-02-15 14:06:48	EST	2010	|	uploaded Comtrade-2010-X-orphaned.csv.bz2
2019-02-15 14:09:54	EST	2010	|	uploaded Comtrade-2010-X-matched-q.csv.bz2
2019-02-15 14:12:01	EST	2010	|	uploaded Comtrade-2010-M-lost.csv.bz2
2019-02-15 14:18:23	EST	2010	|	uploaded Comtrade-2010-X-lost.csv.bz2
2019-02-17 00:09:34	EST	2005	:	opened
2019-02-17 00:10:16	EST	2005	:	preprocessed
2019-02-17 00:12:16	EST	2005	:	divided
2019-02-17 00:13:36	EST	2005	:	treated
2019-02-17 00:13:38	EST	2005	:	swiss-adjusted
2019-02-17 00:15:16	EST	2005	:	M-paired
2019-02-17 00:17:03	EST	2005	:	X-paired
2019-02-17 00:17:06	EST	2005	:	HK prepared
2019-02-17 00:26:59	EST	2005	:	HK M-adjusted
2019-02-17 00:35:42	EST	2005	:	HK X-adjusted
2019-02-17 00:40:18	EST	2005	|	uploaded Comtrade-2005-M-matched.csv.bz2
2019-02-17 00:41:21	EST	2005	|	uploaded Comtrade-2005-M-orphaned.csv.bz2
2019-02-17 00:43:01	EST	2005	|	uploaded Comtrade-2005-M-matched-q.csv.bz2
2019-02-17 00:44:40	EST	2005	|	uploaded Comtrade-2005-X-matched.csv.bz2
2019-02-17 00:45:41	EST	2005	|	uploaded Comtrade-2005-X-orphaned.csv.bz2
2019-02-17 00:47:06	EST	2005	|	uploaded Comtrade-2005-X-matched-q.csv.bz2
2019-02-17 00:47:43	EST	2005	|	uploaded Comtrade-2005-M-lost.csv.bz2
2019-02-17 00:48:49	EST	2005	|	uploaded Comtrade-2005-X-lost.csv.bz2
2019-02-17 00:50:05	EST	2004	:	opened
2019-02-17 00:50:47	EST	2004	:	preprocessed
2019-02-17 00:53:06	EST	2004	:	divided
2019-02-17 00:55:16	EST	2004	:	treated
2019-02-17 00:55:16	EST	2004	:	swiss-adjusted
2019-02-17 00:58:00	EST	2004	:	M-paired
2019-02-17 01:01:08	EST	2004	:	X-paired
2019-02-17 01:01:12	EST	2004	:	HK prepared
2019-02-17 01:12:20	EST	2004	:	HK M-adjusted
2019-02-17 01:44:12	EST	2004	:	HK X-adjusted
2019-02-17 02:19:05	EST	2004	|	uploaded Comtrade-2004-M-matched.csv.bz2
2019-02-17 02:21:49	EST	2004	|	uploaded Comtrade-2004-M-orphaned.csv.bz2
2019-02-17 02:28:57	EST	2004	|	uploaded Comtrade-2004-M-matched-q.csv.bz2
2019-02-17 02:31:44	EST	2004	|	uploaded Comtrade-2004-X-matched.csv.bz2
2019-02-17 02:33:09	EST	2004	|	uploaded Comtrade-2004-X-orphaned.csv.bz2
2019-02-17 02:36:50	EST	2004	|	uploaded Comtrade-2004-X-matched-q.csv.bz2
2019-02-17 02:37:21	EST	2004	|	uploaded Comtrade-2004-M-lost.csv.bz2
2019-02-17 02:39:56	EST	2004	|	uploaded Comtrade-2004-X-lost.csv.bz2
2019-02-17 02:42:09	EST	2003	:	opened
2019-02-17 02:57:02	EST	2003	:	preprocessed
2019-02-17 03:38:41	EST	2003	:	divided
2019-02-17 03:51:36	EST	2003	:	treated
2019-02-17 03:51:48	EST	2003	:	swiss-adjusted
2019-02-17 04:16:46	EST	2003	:	M-paired
2019-02-17 04:42:53	EST	2003	:	X-paired
2019-02-17 04:43:38	EST	2003	:	HK prepared
2019-02-17 07:04:07	EST	2003	:	HK M-adjusted
2019-02-17 09:10:13	EST	2003	:	HK X-adjusted
2019-02-17 09:39:28	EST	2003	|	uploaded Comtrade-2003-M-matched.csv.bz2
2019-02-17 09:42:29	EST	2003	|	uploaded Comtrade-2003-M-orphaned.csv.bz2
2019-02-17 09:49:40	EST	2003	|	uploaded Comtrade-2003-M-matched-q.csv.bz2
2019-02-17 09:52:13	EST	2003	|	uploaded Comtrade-2003-X-matched.csv.bz2
2019-02-17 09:53:29	EST	2003	|	uploaded Comtrade-2003-X-orphaned.csv.bz2
2019-02-17 09:56:51	EST	2003	|	uploaded Comtrade-2003-X-matched-q.csv.bz2
2019-02-17 09:57:20	EST	2003	|	uploaded Comtrade-2003-M-lost.csv.bz2
2019-02-17 10:00:38	EST	2003	|	uploaded Comtrade-2003-X-lost.csv.bz2
2019-02-17 10:03:19	EST	2002	:	opened
2019-02-17 10:13:30	EST	2002	:	preprocessed
2019-02-17 10:49:55	EST	2002	:	divided
2019-02-17 11:04:26	EST	2002	:	treated
2019-02-17 11:04:35	EST	2002	:	swiss-adjusted
2019-02-17 11:25:19	EST	2002	:	M-paired
2019-02-17 11:50:43	EST	2002	:	X-paired
2019-02-17 11:51:38	EST	2002	:	HK prepared
2019-02-17 14:06:35	EST	2002	:	HK M-adjusted
2019-02-17 15:53:48	EST	2002	:	HK X-adjusted
2019-02-17 16:32:59	EST	2002	|	uploaded Comtrade-2002-M-matched.csv.bz2
2019-02-17 16:36:23	EST	2002	|	uploaded Comtrade-2002-M-orphaned.csv.bz2
2019-02-17 16:38:57	EST	2002	|	uploaded Comtrade-2002-M-matched-q.csv.bz2
2019-02-17 16:44:32	EST	2002	|	uploaded Comtrade-2002-X-matched.csv.bz2
2019-02-17 16:46:49	EST	2002	|	uploaded Comtrade-2002-X-orphaned.csv.bz2
2019-02-17 16:49:27	EST	2002	|	uploaded Comtrade-2002-X-matched-q.csv.bz2
2019-02-17 16:49:56	EST	2002	|	uploaded Comtrade-2002-M-lost.csv.bz2
2019-02-17 16:53:55	EST	2002	|	uploaded Comtrade-2002-X-lost.csv.bz2
2019-02-17 16:55:12	EST	2001	:	opened
2019-02-17 16:57:29	EST	2001	:	preprocessed
2019-02-17 17:18:59	EST	2001	:	divided
2019-02-17 17:31:21	EST	2001	:	treated
2019-02-17 17:31:34	EST	2001	:	swiss-adjusted
2019-02-17 17:57:10	EST	2001	:	M-paired
2019-02-17 18:19:48	EST	2001	:	X-paired
2019-02-17 18:20:43	EST	2001	:	HK prepared
2019-02-17 20:08:23	EST	2001	:	HK M-adjusted
2019-02-17 21:41:47	EST	2001	:	HK X-adjusted
2019-02-17 22:14:38	EST	2001	|	uploaded Comtrade-2001-M-matched.csv.bz2
2019-02-17 22:17:06	EST	2001	|	uploaded Comtrade-2001-M-orphaned.csv.bz2
2019-02-17 22:19:46	EST	2001	|	uploaded Comtrade-2001-M-matched-q.csv.bz2
2019-02-17 22:27:57	EST	2001	|	uploaded Comtrade-2001-X-matched.csv.bz2
2019-02-17 22:29:25	EST	2001	|	uploaded Comtrade-2001-X-orphaned.csv.bz2
2019-02-17 22:33:58	EST	2001	|	uploaded Comtrade-2001-X-matched-q.csv.bz2
2019-02-17 22:34:25	EST	2001	|	uploaded Comtrade-2001-M-lost.csv.bz2
2019-02-17 22:38:11	EST	2001	|	uploaded Comtrade-2001-X-lost.csv.bz2
